<?xml version="1.0" encoding="UTF-8"?>
<robot generator="Robot 4.1.3 (Python 3.10.2 on win32)" generated="20230429 17:23:07.532" rpa="false" schemaversion="2">
<suite id="s1" name="Login" source="C:\Users\lcirineo\Documents\Sample\venv\login.robot">
<test id="s1-t1" name="User Successfully Loaded NewsPaper.com Page">
<kw name="Given User Is In NewsPaper.com Page" library="keyword">
<kw name="Open Browser" library="SeleniumLibrary">
<arg>https://www.newspapers.com/</arg>
<arg>chrome</arg>
<doc>Opens a new browser instance to the optional ``url``.</doc>
<msg timestamp="20230429 17:23:07.732" level="INFO">Opening browser 'chrome' to base url 'https://www.newspapers.com/'.</msg>
<status status="PASS" starttime="20230429 17:23:07.732" endtime="20230429 17:23:22.927"/>
</kw>
<kw name="Maximize Browser Window" library="SeleniumLibrary">
<doc>Maximizes current browser window.</doc>
<status status="PASS" starttime="20230429 17:23:22.928" endtime="20230429 17:23:23.061"/>
</kw>
<kw name="Title Should Be" library="SeleniumLibrary">
<arg>Historical Newspapers from 1700s-2000s - Newspapers.com</arg>
<doc>Verifies that the current page title equals ``title``.</doc>
<msg timestamp="20230429 17:23:23.066" level="INFO">Page title is 'Historical Newspapers from 1700s-2000s - Newspapers.com'.</msg>
<status status="PASS" starttime="20230429 17:23:23.061" endtime="20230429 17:23:23.066"/>
</kw>
<status status="PASS" starttime="20230429 17:23:07.731" endtime="20230429 17:23:23.066"/>
</kw>
<kw name="When User Clicks Signin Button" library="keyword">
<kw name="Click Element" library="SeleniumLibrary">
<arg>id:signinlink</arg>
<doc>Click the element identified by ``locator``.</doc>
<msg timestamp="20230429 17:23:23.067" level="INFO">Clicking element 'id:signinlink'.</msg>
<status status="PASS" starttime="20230429 17:23:23.067" endtime="20230429 17:23:23.146"/>
</kw>
<status status="PASS" starttime="20230429 17:23:23.066" endtime="20230429 17:23:23.147"/>
</kw>
<kw name="Then Signin Form Is Displayed" library="keyword">
<kw name="Wait Until Element Is Visible" library="SeleniumLibrary">
<arg>modal-SignInModal</arg>
<doc>Waits until the element ``locator`` is visible.</doc>
<status status="PASS" starttime="20230429 17:23:23.147" endtime="20230429 17:23:23.747"/>
</kw>
<status status="PASS" starttime="20230429 17:23:23.147" endtime="20230429 17:23:23.747"/>
</kw>
<status status="PASS" starttime="20230429 17:23:07.730" endtime="20230429 17:23:23.747"/>
</test>
<test id="s1-t2" name="User Successfully Logged In">
<kw name="Given Signin Form Is Displayed" library="keyword">
<kw name="Wait Until Element Is Visible" library="SeleniumLibrary">
<arg>modal-SignInModal</arg>
<doc>Waits until the element ``locator`` is visible.</doc>
<status status="PASS" starttime="20230429 17:23:23.751" endtime="20230429 17:23:23.781"/>
</kw>
<status status="PASS" starttime="20230429 17:23:23.751" endtime="20230429 17:23:23.781"/>
</kw>
<kw name="When User Inputs Email" library="keyword">
<arg>${email}</arg>
<kw name="Input Text" library="SeleniumLibrary">
<arg>username</arg>
<arg>${email}</arg>
<doc>Types the given ``text`` into the text field identified by ``locator``.</doc>
<msg timestamp="20230429 17:23:23.782" level="INFO">Typing text 'lourdes100@test.com' into text field 'username'.</msg>
<status status="PASS" starttime="20230429 17:23:23.782" endtime="20230429 17:23:23.972"/>
</kw>
<status status="PASS" starttime="20230429 17:23:23.781" endtime="20230429 17:23:23.973"/>
</kw>
<kw name="And User Inputs Password" library="keyword">
<arg>${password}</arg>
<kw name="Input Text" library="SeleniumLibrary">
<arg>password</arg>
<arg>${password}</arg>
<doc>Types the given ``text`` into the text field identified by ``locator``.</doc>
<msg timestamp="20230429 17:23:23.976" level="INFO">Typing text 'Test123!' into text field 'password'.</msg>
<status status="PASS" starttime="20230429 17:23:23.976" endtime="20230429 17:23:24.084"/>
</kw>
<status status="PASS" starttime="20230429 17:23:23.975" endtime="20230429 17:23:24.084"/>
</kw>
<kw name="And User Clicks Sign In With Newspapers.com Button" library="keyword">
<kw name="Click Element" library="SeleniumLibrary">
<arg>class:icon-n</arg>
<doc>Click the element identified by ``locator``.</doc>
<msg timestamp="20230429 17:23:24.086" level="INFO">Clicking element 'class:icon-n'.</msg>
<status status="PASS" starttime="20230429 17:23:24.085" endtime="20230429 17:23:24.137"/>
</kw>
<kw name="Wait Until Element Is Not Visible" library="SeleniumLibrary">
<arg>id:signinlink</arg>
<doc>Waits until the element ``locator`` is not visible.</doc>
<status status="PASS" starttime="20230429 17:23:24.137" endtime="20230429 17:23:40.581"/>
</kw>
<status status="PASS" starttime="20230429 17:23:24.085" endtime="20230429 17:23:40.582"/>
</kw>
<kw name="Then User Should Be Redirected To Newspapers.com Homepage" library="keyword">
<arg>${username}</arg>
<kw name="Wait Until Element Is Visible" library="SeleniumLibrary">
<arg>id:globalMemNav</arg>
<doc>Waits until the element ``locator`` is visible.</doc>
<status status="PASS" starttime="20230429 17:23:40.582" endtime="20230429 17:23:40.637"/>
</kw>
<kw name="Wait Until Element Contains" library="SeleniumLibrary">
<arg>id:globalMemNav</arg>
<arg>${username}</arg>
<doc>Waits until the element ``locator`` contains ``text``.</doc>
<status status="PASS" starttime="20230429 17:23:40.638" endtime="20230429 17:23:40.664"/>
</kw>
<kw name="Wait Until Element Is Visible" library="SeleniumLibrary">
<arg>id:logo</arg>
<doc>Waits until the element ``locator`` is visible.</doc>
<status status="PASS" starttime="20230429 17:23:40.665" endtime="20230429 17:23:40.695"/>
</kw>
<status status="PASS" starttime="20230429 17:23:40.582" endtime="20230429 17:23:40.695"/>
</kw>
<status status="PASS" starttime="20230429 17:23:23.749" endtime="20230429 17:23:40.695"/>
</test>
<test id="s1-t3" name="User Successfully Searched Article">
<kw name="Given User Is In NewsPaper.com" library="keyword">
<kw name="Wait Until Element Is Visible" library="SeleniumLibrary">
<arg>id:globalMemNav</arg>
<doc>Waits until the element ``locator`` is visible.</doc>
<status status="PASS" starttime="20230429 17:23:40.698" endtime="20230429 17:23:40.721"/>
</kw>
<kw name="Wait Until Element Contains" library="SeleniumLibrary">
<arg>id:globalMemNav</arg>
<arg>${username}</arg>
<doc>Waits until the element ``locator`` contains ``text``.</doc>
<status status="PASS" starttime="20230429 17:23:40.722" endtime="20230429 17:23:40.745"/>
</kw>
<kw name="Wait Until Element Is Visible" library="SeleniumLibrary">
<arg>id:logo</arg>
<doc>Waits until the element ``locator`` is visible.</doc>
<status status="PASS" starttime="20230429 17:23:40.745" endtime="20230429 17:23:40.764"/>
</kw>
<status status="PASS" starttime="20230429 17:23:40.697" endtime="20230429 17:23:40.764"/>
</kw>
<kw name="When User Inputs Keyword On Search Field" library="keyword">
<arg>${keyword}</arg>
<kw name="Set Focus To Element" library="SeleniumLibrary">
<arg>id:keyword-input</arg>
<doc>Sets the focus to the element identified by ``locator``.</doc>
<status status="PASS" starttime="20230429 17:23:40.765" endtime="20230429 17:23:40.785"/>
</kw>
<kw name="Element Should Be Focused" library="SeleniumLibrary">
<arg>id:keyword-input</arg>
<doc>Verifies that element identified by ``locator`` is focused.</doc>
<status status="PASS" starttime="20230429 17:23:40.785" endtime="20230429 17:23:40.802"/>
</kw>
<kw name="Input Text" library="SeleniumLibrary">
<arg>id:keyword-input</arg>
<arg>${keyword}</arg>
<doc>Types the given ``text`` into the text field identified by ``locator``.</doc>
<msg timestamp="20230429 17:23:40.802" level="INFO">Typing text '2022' into text field 'id:keyword-input'.</msg>
<status status="PASS" starttime="20230429 17:23:40.802" endtime="20230429 17:23:40.922"/>
</kw>
<kw name="Element Should Not Contain" library="SeleniumLibrary">
<arg>id:keyword-input</arg>
<arg>Add a keyword or name</arg>
<doc>Verifies that element ``locator`` does not contain text ``expected``.</doc>
<msg timestamp="20230429 17:23:40.944" level="INFO">Element 'id:keyword-input' does not contain text 'Add a keyword or name'.</msg>
<status status="PASS" starttime="20230429 17:23:40.923" endtime="20230429 17:23:40.944"/>
</kw>
<status status="PASS" starttime="20230429 17:23:40.764" endtime="20230429 17:23:40.944"/>
</kw>
<kw name="And Clicks Search Button" library="keyword">
<kw name="Click Element" library="SeleniumLibrary">
<arg>class:btn-primary</arg>
<doc>Click the element identified by ``locator``.</doc>
<msg timestamp="20230429 17:23:40.946" level="INFO">Clicking element 'class:btn-primary'.</msg>
<status status="PASS" starttime="20230429 17:23:40.945" endtime="20230429 17:23:41.969"/>
</kw>
<status status="PASS" starttime="20230429 17:23:40.945" endtime="20230429 17:23:41.969"/>
</kw>
<kw name="Then User Should Be Redirected To Results Page" library="keyword">
<kw name="Location Should Contain" library="SeleniumLibrary">
<arg>/search/</arg>
<doc>Verifies that the current URL contains ``expected``.</doc>
<msg timestamp="20230429 17:23:42.009" level="INFO">Current location contains '/search/'.</msg>
<status status="PASS" starttime="20230429 17:23:41.970" endtime="20230429 17:23:42.009"/>
</kw>
<status status="PASS" starttime="20230429 17:23:41.969" endtime="20230429 17:23:42.010"/>
</kw>
<status status="PASS" starttime="20230429 17:23:40.696" endtime="20230429 17:23:42.010"/>
</test>
<test id="s1-t4" name="User Successfully Logged Out">
<kw name="Given User Is In Results Page" library="keyword">
<kw name="Location Should Contain" library="SeleniumLibrary">
<arg>/search/</arg>
<doc>Verifies that the current URL contains ``expected``.</doc>
<msg timestamp="20230429 17:23:42.016" level="INFO">Current location contains '/search/'.</msg>
<status status="PASS" starttime="20230429 17:23:42.012" endtime="20230429 17:23:42.016"/>
</kw>
<status status="PASS" starttime="20230429 17:23:42.011" endtime="20230429 17:23:42.017"/>
</kw>
<kw name="When User Clicks Profile Button" library="keyword">
<kw name="Click Element" library="SeleniumLibrary">
<arg>id:globalMemNav</arg>
<doc>Click the element identified by ``locator``.</doc>
<msg timestamp="20230429 17:23:42.018" level="INFO">Clicking element 'id:globalMemNav'.</msg>
<status status="PASS" starttime="20230429 17:23:42.018" endtime="20230429 17:23:42.077"/>
</kw>
<kw name="Wait Until Element Is Visible" library="SeleniumLibrary">
<arg>id:member-info</arg>
<doc>Waits until the element ``locator`` is visible.</doc>
<status status="PASS" starttime="20230429 17:23:42.077" endtime="20230429 17:23:42.094"/>
</kw>
<status status="PASS" starttime="20230429 17:23:42.017" endtime="20230429 17:23:42.094"/>
</kw>
<kw name="And User Clicks Sign Out Button" library="keyword">
<kw name="Click Element" library="SeleniumLibrary">
<arg>id:logout</arg>
<doc>Click the element identified by ``locator``.</doc>
<msg timestamp="20230429 17:23:42.095" level="INFO">Clicking element 'id:logout'.</msg>
<status status="PASS" starttime="20230429 17:23:42.095" endtime="20230429 17:23:42.131"/>
</kw>
<status status="PASS" starttime="20230429 17:23:42.095" endtime="20230429 17:23:42.131"/>
</kw>
<kw name="Then User Should Be Redirected To NewsPaper.com Page" library="keyword">
<kw name="Wait Until Element Is Not Visible" library="SeleniumLibrary">
<arg>id:logout</arg>
<doc>Waits until the element ``locator`` is not visible.</doc>
<status status="PASS" starttime="20230429 17:23:42.131" endtime="20230429 17:23:46.718"/>
</kw>
<kw name="Element Should Be Visible" library="SeleniumLibrary">
<arg>id:signinlink</arg>
<doc>Verifies that the element identified by ``locator`` is visible.</doc>
<msg timestamp="20230429 17:23:46.735" level="INFO">Element 'id:signinlink' is displayed.</msg>
<status status="PASS" starttime="20230429 17:23:46.718" endtime="20230429 17:23:46.736"/>
</kw>
<status status="PASS" starttime="20230429 17:23:42.131" endtime="20230429 17:23:46.737"/>
</kw>
<status status="PASS" starttime="20230429 17:23:42.010" endtime="20230429 17:23:46.737"/>
</test>
<status status="PASS" starttime="20230429 17:23:07.535" endtime="20230429 17:23:46.738"/>
</suite>
<statistics>
<total>
<stat pass="4" fail="0" skip="0">All Tests</stat>
</total>
<tag>
</tag>
<suite>
<stat pass="4" fail="0" skip="0" id="s1" name="Login">Login</stat>
</suite>
</statistics>
<errors>
</errors>
</robot>
